 : 1124567b
	0 4493657 0 49
 : 12345678
	0 4772185 0 56
 : 2341765c
	0 9242073 0 18
 : 3421764d
	0 13665753 0 3
 : 2341765c
	0 9242073 0 18
 : 3421764d
	0 13665753 0 3
 : 2341765c
	0 9242073 0 18
 : 3421764d
	0 13665753 0 3
 : 1234566a
	0 4772185 0 32
 : 12345678
	0 4772185 0 56
 : 1124567b
	0 4493657 0 49
 : 3421764d
	0 13665753 0 3
 : 2341765c
	0 9242073 0 18
 : 3421764d
	0 13665753 0 3
 : 2341765c
	0 9242073 0 18
 : 3421764d
	0 13665753 0 3
 : 1124567b
	0 1123414 1 49
 : 12345678
	0 1193046 1 56
 : 2341765c
	0 2310518 1 18
 : 3421764d
	0 3416438 1 3
 : 2341765c
	0 2310518 1 18
 : 3421764d
	0 3416438 1 3
 : 2341765c
	0 2310518 1 18
 : 3421764d
	0 3416438 1 3
 : 1124567b
	0 1123414 1 49
 : 12345678
	0 1193046 1 56
 : 2341765c
	0 2310518 1 18
 : 3421764d
	0 3416438 1 3
 : 2341765c
	0 2310518 1 18
 : 3421764d
	0 3416438 1 3
 : 2341765c
	0 2310518 1 18
 : 3421764d
	0 3416438 1 3
 : 1124567b
	0 1123414 1 49
 : 12345678
	0 1193046 1 56
 : 2341765c
	0 2310518 1 18
 : 3421764d
	0 3416438 1 3
 : 2341765c
	0 2310518 1 18
 : 3421764d
	0 3416438 1 3
 : 2341765c
	0 2310518 1 18
 : 3421764d
	0 3416438 1 3
 : 1234566a
	0 1193046 1 32
 : 12345678
	0 1193046 1 56
 : 1124567b
	0 1123414 1 49
 : 3421764d
	0 3416438 1 3
 : 2341765c
	0 2310518 1 18
 : 3421764d
	0 3416438 1 3
 : 2341765c
	0 2310518 1 18
 : 3421764d
	0 3416438 1 3
 : 1124567b
	0 1123414 1 49
 : 12345678
	0 1193046 1 56
 : 2341765c
	0 2310518 1 18
 : 3421764d
	0 3416438 1 3
 : 2341765c
	0 2310518 1 18
 : 3421764d
	0 3416438 1 3
 : 2341765c
	0 2310518 1 18
 : 3421764d
	0 3416438 1 3
 : 1234566a
	0 1193046 1 32
 : 12345678
	0 1193046 1 56
 : 1124567b
	0 1123414 1 49
 : 3421764d
	0 3416438 1 3
 : 2341765c
	0 2310518 1 18
 : 3421764d
	0 3416438 1 3
 : 2341765c
	0 2310518 1 18
 : 3421764d
	0 3416438 1 3
 : 1124567b
	0 1123414 1 49
 : 12345678
	0 1193046 1 56
 : 2341765c
	0 2310518 1 18
 : 3421764d
	0 3416438 1 3
 : 2341765c
	0 2310518 1 18
 : 3421764d
	0 3416438 1 3
 : 2341765c
	0 2310518 1 18
 : 3421764d
	0 3416438 1 3
 : 1124567b
	0 35106 89 49
 : 12345678
	0 37282 89 56
 : 2341765c
	0 72203 89 18
 : 3421764d
	0 106763 89 3
 : 2341765c
	0 72203 89 18
 : 3421764d
	0 106763 89 3
 : 2341765c
	0 72203 89 18
 : 3421764d
	0 106763 89 3
 : 1234566a
	0 37282 89 32
 : 12345678
	0 37282 89 56
 : 1124567b
	0 35106 89 49
 : 3421764d
	0 106763 89 3
 : 2341765c
	0 72203 89 18
 : 3421764d
	0 106763 89 3
 : 2341765c
	0 72203 89 18
 : 3421764d
	0 106763 89 3
 : 1124567b
	0 35106 89 49
 : 12345678
	0 37282 89 56
 : 2341765c
	0 72203 89 18
 : 3421764d
	0 106763 89 3
 : 2341765c
	0 72203 89 18
 : 3421764d
	0 106763 89 3
 : 2341765c
	0 72203 89 18
 : 3421764d
	0 106763 89 3
 : 1234566a
	0 37282 89 32
 : 12345678
	0 37282 89 56
 : 1124567b
	0 35106 89 49
 : 3421764d
	0 106763 89 3
 : 2341765c
	0 72203 89 18
 : 3421764d
	0 106763 89 3
 : 2341765c
	0 72203 89 18
 : 3421764d
	0 106763 89 3
 : 1124567b
	0 35106 89 49
 : 12345678
	0 37282 89 56
 : 2341765c
	0 72203 89 18
 : 3421764d
	0 106763 89 3
 : 2341765c
	0 72203 89 18
 : 3421764d
	0 106763 89 3
 : 2341765c
	0 72203 89 18
 : 3421764d
	0 106763 89 3
 : 1234566a
	0 37282 89 32
 : 12345678
	0 37282 89 56
 : 1124567b
	0 35106 89 49
 : 3421764d
	0 106763 89 3
 : 2341765c
	0 72203 89 18
 : 3421764d
	0 106763 89 3
 : 2341765c
	0 72203 89 18
 : 3421764d
	0 106763 89 3
 : 1124567b
	0 35106 89 49
 : 12345678
	0 37282 89 56
 : 2341765c
	0 72203 89 18
 : 3421764d
	0 106763 89 3
 : 2341765c
	0 72203 89 18
 : 3421764d
	0 106763 89 3
 : 2341765c
	0 72203 89 18
 : 3421764d
	0 106763 89 3
 : 1234566a
	0 37282 89 32
 : 12345678
	0 37282 89 56
 : 1124567b
	0 35106 89 49
 : 3421764d
	0 106763 89 3
 : 2341765c
	0 72203 89 18
 : 3421764d
	0 106763 89 3
 : 2341765c
	0 72203 89 18
 : 3421764d
	0 106763 89 3
 : 1124567b
	0 35106 89 49
 : 12345678
	0 37282 89 56
 : 2341765c
	0 72203 89 18
 : 3421764d
	0 106763 89 3
 : 2341765c
	0 72203 89 18
 : 3421764d
	0 106763 89 3
 : 2341765c
	0 72203 89 18
 : 3421764d
	0 106763 89 3
 : 1234566a
	0 37282 89 32
 : 12345678
	0 37282 89 56
 : 1124567b
	0 35106 89 49
 : 3421764d
	0 106763 89 3
 : 2341765c
	0 72203 89 18
 : 3421764d
	0 106763 89 3
 : 2341765c
	0 72203 89 18
 : 3421764d
	0 106763 89 3
 : 1124567b
	0 35106 89 49
 : 12345678
	0 37282 89 56
 : 2341765c
	0 72203 89 18
 : 3421764d
	0 106763 89 3
 : 2341765c
	0 72203 89 18
 : 3421764d
	0 106763 89 3
 : 2341765c
	0 72203 89 18
 : 3421764d
	0 106763 89 3
 : 1234566a
	0 37282 89 32
 : 12345678
	0 37282 89 56
 : 1124567b
	0 35106 89 49
 : 3421764d
	0 106763 89 3
 : 2341765c
	0 72203 89 18
 : 3421764d
	0 106763 89 3
 : 2341765c
	0 72203 89 18
 : 3421764d
	0 106763 89 3
 : 1124567b
	0 35106 89 49
 : 12345678
	0 37282 89 56
 : 2341765c
	0 72203 89 18
 : 3421764d
	0 106763 89 3
 : 2341765c
	0 72203 89 18
 : 3421764d
	0 106763 89 3
 : 2341765c
	0 72203 89 18
 : 3421764d
	0 106763 89 3
 : 1234566a
	0 37282 89 32
 : 12345678
	0 37282 89 56
 : 1124567b
	0 35106 89 49
 : 3421764d
	0 106763 89 3
 : 2341765c
	0 72203 89 18
 : 3421764d
	0 106763 89 3
 : 2341765c
	0 72203 89 18
 : 3421764d
	0 106763 89 3
 : 1124567b
	0 35106 89 49
 : 12345678
	0 37282 89 56
 : 2341765c
	0 72203 89 18
 : 3421764d
	0 106763 89 3
 : 2341765c
	0 72203 89 18
 : 3421764d
	0 106763 89 3
 : 2341765c
	0 72203 89 18
 : 3421764d
	0 106763 89 3
 : 1234566a
	0 37282 89 32
 : 12345678
	0 37282 89 56
 : 1124567b
	0 35106 89 49
 : 3421764d
	0 106763 89 3
 : 2341765c
	0 72203 89 18
 : 3421764d
	0 106763 89 3
 : 2341765c
	0 72203 89 18
 : 3421764d
	0 106763 89 3
 : 1124567b
	0 35106 89 49
 : 12345678
	0 37282 89 56
 : 2341765c
	0 72203 89 18
 : 3421764d
	0 106763 89 3
 : 2341765c
	0 72203 89 18
 : 3421764d
	0 106763 89 3
 : 2341765c
	0 72203 89 18
 : 3421764d
	0 106763 89 3
 : 1234566a
	0 37282 89 32
 : 12345678
	0 37282 89 56
 : 1124567b
	0 35106 89 49
 : 3421764d
	0 106763 89 3
 : 2341765c
	0 72203 89 18
 : 3421764d
	0 106763 89 3
 : 2341765c
	0 72203 89 18
 : 3421764d
	0 106763 89 3
 : 1124567b
	0 35106 89 49
 : 12345678
	0 37282 89 56
 : 2341765c
	0 72203 89 18
 : 3421764d
	0 106763 89 3
 : 2341765c
	0 72203 89 18
 : 3421764d
	0 106763 89 3
 : 2341765c
	0 72203 89 18
 : 3421764d
	0 106763 89 3
 : 1234566a
	0 37282 89 32
 : 12345678
	0 37282 89 56
 : 1124567b
	0 35106 89 49
 : 3421764d
	0 106763 89 3
 : 2341765c
	0 72203 89 18
 : 3421764d
	0 106763 89 3
 : 2341765c
	0 72203 89 18
 : 3421764d
	0 106763 89 3
 : 1124567b
	0 35106 89 49
 : 12345678
	0 37282 89 56
 : 2341765c
	0 72203 89 18
 : 3421764d
	0 106763 89 3
 : 2341765c
	0 72203 89 18
 : 3421764d
	0 106763 89 3
 : 2341765c
	0 72203 89 18
 : 3421764d
	0 106763 89 3
 : 1234566a
	0 37282 89 32
 : 12345678
	0 37282 89 56
 : 1124567b
	0 35106 89 49
 : 3421764d
	0 106763 89 3
 : 2341765c
	0 72203 89 18
 : 3421764d
	0 106763 89 3
 : 2341765c
	0 72203 89 18
 : 3421764d
	0 106763 89 3
 : 1124567b
	0 35106 89 49
 : 12345678
	0 37282 89 56
 : 2341765c
	0 72203 89 18
 : 3421764d
	0 106763 89 3
 : 2341765c
	0 72203 89 18
 : 3421764d
	0 106763 89 3
 : 2341765c
	0 72203 89 18
 : 3421764d
	0 106763 89 3
 : 1234566a
	0 37282 89 32
 : 12345678
	0 37282 89 56
 : 1124567b
	0 35106 89 49
 : 3421764d
	0 106763 89 3
 : 2341765c
	0 72203 89 18
 : 3421764d
	0 106763 89 3
 : 2341765c
	0 72203 89 18
 : 3421764d
	0 106763 89 3
 : 1124567b
	0 35106 89 49
 : 12345678
	0 37282 89 56
 : 2341765c
	0 72203 89 18
 : 3421764d
	0 106763 89 3
 : 2341765c
	0 72203 89 18
 : 3421764d
	0 106763 89 3
 : 2341765c
	0 72203 89 18
 : 3421764d
	0 106763 89 3
 : 1234566a
	0 37282 89 32
 : 12345678
	0 37282 89 56
 : 1124567b
	0 35106 89 49
 : 3421764d
	0 106763 89 3
 : 2341765c
	0 72203 89 18
 : 3421764d
	0 106763 89 3
 : 2341765c
	0 72203 89 18
 : 3421764d
	0 106763 89 3
 : 1124567b
	0 35106 89 49
 : 12345678
	0 37282 89 56
 : 2341765c
	0 72203 89 18
 : 3421764d
	0 106763 89 3
 : 2341765c
	0 72203 89 18
 : 3421764d
	0 106763 89 3
 : 2341765c
	0 72203 89 18
 : 3421764d
	0 106763 89 3
 : 1234566a
	0 37282 89 32
 : 12345678
	0 37282 89 56
 : 1124567b
	0 35106 89 49
 : 3421764d
	0 106763 89 3
 : 2341765c
	0 72203 89 18
 : 3421764d
	0 106763 89 3
 : 2341765c
	0 72203 89 18
 : 3421764d
	0 106763 89 3
 : 1124567b
	0 35106 89 49
 : 12345678
	0 37282 89 56
 : 2341765c
	0 72203 89 18
 : 3421764d
	0 106763 89 3
 : 2341765c
	0 72203 89 18
 : 3421764d
	0 106763 89 3
 : 2341765c
	0 72203 89 18
 : 3421764d
	0 106763 89 3
 : 1234566a
	0 37282 89 32
 : 12345678
	0 37282 89 56
 : 1124567b
	0 35106 89 49
 : 3421764d
	0 106763 89 3
 : 2341765c
	0 72203 89 18
 : 3421764d
	0 106763 89 3
 : 2341765c
	0 72203 89 18
 : 3421764d
	0 106763 89 3
