DEBUG: 299353 Set: 0
DEBUG: 577881 Set: 0
DEBUG: 853465 Set: 0
DEBUG: 1082841 Set: 0
DEBUG: 853465 Set: 0
DEBUG: 1082841 Set: 0
DEBUG: 853465 Set: 0
DEBUG: 1082841 Set: 0
DEBUG: 577881 Set: 0
DEBUG: 577881 Set: 0
DEBUG: 299353 Set: 0
DEBUG: 1082841 Set: 0
DEBUG: 853465 Set: 0
DEBUG: 1082841 Set: 0
DEBUG: 853465 Set: 0
DEBUG: 1082841 Set: 0
DEBUG: 299353 Set: 1
DEBUG: 577881 Set: 1
DEBUG: 853465 Set: 1
DEBUG: 1082841 Set: 1
DEBUG: 853465 Set: 1
DEBUG: 1082841 Set: 1
DEBUG: 853465 Set: 1
DEBUG: 1082841 Set: 1
DEBUG: 299353 Set: 1
DEBUG: 577881 Set: 1
DEBUG: 853465 Set: 1
DEBUG: 1082841 Set: 1
DEBUG: 853465 Set: 1
DEBUG: 1082841 Set: 1
DEBUG: 853465 Set: 1
DEBUG: 1082841 Set: 1
DEBUG: 299353 Set: 1
DEBUG: 577881 Set: 1
DEBUG: 853465 Set: 1
DEBUG: 1082841 Set: 1
DEBUG: 853465 Set: 1
DEBUG: 1082841 Set: 1
DEBUG: 853465 Set: 1
DEBUG: 1082841 Set: 1
DEBUG: 577881 Set: 1
DEBUG: 577881 Set: 1
DEBUG: 299353 Set: 1
DEBUG: 1082841 Set: 1
DEBUG: 853465 Set: 1
DEBUG: 1082841 Set: 1
DEBUG: 853465 Set: 1
DEBUG: 1082841 Set: 1
DEBUG: 299353 Set: 1
DEBUG: 577881 Set: 1
DEBUG: 853465 Set: 1
DEBUG: 1082841 Set: 1
DEBUG: 853465 Set: 1
DEBUG: 1082841 Set: 1
DEBUG: 853465 Set: 1
DEBUG: 1082841 Set: 1
DEBUG: 577881 Set: 1
DEBUG: 577881 Set: 1
DEBUG: 299353 Set: 1
DEBUG: 1082841 Set: 1
DEBUG: 853465 Set: 1
DEBUG: 1082841 Set: 1
DEBUG: 853465 Set: 1
DEBUG: 1082841 Set: 1
DEBUG: 299353 Set: 1
DEBUG: 577881 Set: 1
DEBUG: 853465 Set: 1
DEBUG: 1082841 Set: 1
DEBUG: 853465 Set: 1
DEBUG: 1082841 Set: 1
DEBUG: 853465 Set: 1
DEBUG: 1082841 Set: 1
DEBUG: 299353 Set: 89
DEBUG: 577881 Set: 89
DEBUG: 853465 Set: 89
DEBUG: 1082841 Set: 89
DEBUG: 853465 Set: 89
DEBUG: 1082841 Set: 89
DEBUG: 853465 Set: 89
DEBUG: 1082841 Set: 89
DEBUG: 577881 Set: 89
DEBUG: 577881 Set: 89
DEBUG: 299353 Set: 89
DEBUG: 1082841 Set: 89
DEBUG: 853465 Set: 89
DEBUG: 1082841 Set: 89
DEBUG: 853465 Set: 89
DEBUG: 1082841 Set: 89
DEBUG: 299353 Set: 89
DEBUG: 577881 Set: 89
DEBUG: 853465 Set: 89
DEBUG: 1082841 Set: 89
DEBUG: 853465 Set: 89
DEBUG: 1082841 Set: 89
DEBUG: 853465 Set: 89
DEBUG: 1082841 Set: 89
DEBUG: 577881 Set: 89
DEBUG: 577881 Set: 89
DEBUG: 299353 Set: 89
DEBUG: 1082841 Set: 89
DEBUG: 853465 Set: 89
DEBUG: 1082841 Set: 89
DEBUG: 853465 Set: 89
DEBUG: 1082841 Set: 89
DEBUG: 299353 Set: 89
DEBUG: 577881 Set: 89
DEBUG: 853465 Set: 89
DEBUG: 1082841 Set: 89
DEBUG: 853465 Set: 89
DEBUG: 1082841 Set: 89
DEBUG: 853465 Set: 89
DEBUG: 1082841 Set: 89
DEBUG: 577881 Set: 89
DEBUG: 577881 Set: 89
DEBUG: 299353 Set: 89
DEBUG: 1082841 Set: 89
DEBUG: 853465 Set: 89
DEBUG: 1082841 Set: 89
DEBUG: 853465 Set: 89
DEBUG: 1082841 Set: 89
DEBUG: 299353 Set: 89
DEBUG: 577881 Set: 89
DEBUG: 853465 Set: 89
DEBUG: 1082841 Set: 89
DEBUG: 853465 Set: 89
DEBUG: 1082841 Set: 89
DEBUG: 853465 Set: 89
DEBUG: 1082841 Set: 89
DEBUG: 577881 Set: 89
DEBUG: 577881 Set: 89
DEBUG: 299353 Set: 89
DEBUG: 1082841 Set: 89
DEBUG: 853465 Set: 89
DEBUG: 1082841 Set: 89
DEBUG: 853465 Set: 89
DEBUG: 1082841 Set: 89
DEBUG: 299353 Set: 89
DEBUG: 577881 Set: 89
DEBUG: 853465 Set: 89
DEBUG: 1082841 Set: 89
DEBUG: 853465 Set: 89
DEBUG: 1082841 Set: 89
DEBUG: 853465 Set: 89
DEBUG: 1082841 Set: 89
DEBUG: 577881 Set: 89
DEBUG: 577881 Set: 89
DEBUG: 299353 Set: 89
DEBUG: 1082841 Set: 89
DEBUG: 853465 Set: 89
DEBUG: 1082841 Set: 89
DEBUG: 853465 Set: 89
DEBUG: 1082841 Set: 89
DEBUG: 299353 Set: 89
DEBUG: 577881 Set: 89
DEBUG: 853465 Set: 89
DEBUG: 1082841 Set: 89
DEBUG: 853465 Set: 89
DEBUG: 1082841 Set: 89
DEBUG: 853465 Set: 89
DEBUG: 1082841 Set: 89
DEBUG: 577881 Set: 89
DEBUG: 577881 Set: 89
DEBUG: 299353 Set: 89
DEBUG: 1082841 Set: 89
DEBUG: 853465 Set: 89
DEBUG: 1082841 Set: 89
DEBUG: 853465 Set: 89
DEBUG: 1082841 Set: 89
DEBUG: 299353 Set: 89
DEBUG: 577881 Set: 89
DEBUG: 853465 Set: 89
DEBUG: 1082841 Set: 89
DEBUG: 853465 Set: 89
DEBUG: 1082841 Set: 89
DEBUG: 853465 Set: 89
DEBUG: 1082841 Set: 89
DEBUG: 577881 Set: 89
DEBUG: 577881 Set: 89
DEBUG: 299353 Set: 89
DEBUG: 1082841 Set: 89
DEBUG: 853465 Set: 89
DEBUG: 1082841 Set: 89
DEBUG: 853465 Set: 89
DEBUG: 1082841 Set: 89
DEBUG: 299353 Set: 89
DEBUG: 577881 Set: 89
DEBUG: 853465 Set: 89
DEBUG: 1082841 Set: 89
DEBUG: 853465 Set: 89
DEBUG: 1082841 Set: 89
DEBUG: 853465 Set: 89
DEBUG: 1082841 Set: 89
DEBUG: 577881 Set: 89
DEBUG: 577881 Set: 89
DEBUG: 299353 Set: 89
DEBUG: 1082841 Set: 89
DEBUG: 853465 Set: 89
DEBUG: 1082841 Set: 89
DEBUG: 853465 Set: 89
DEBUG: 1082841 Set: 89
DEBUG: 299353 Set: 89
DEBUG: 577881 Set: 89
DEBUG: 853465 Set: 89
DEBUG: 1082841 Set: 89
DEBUG: 853465 Set: 89
DEBUG: 1082841 Set: 89
DEBUG: 853465 Set: 89
DEBUG: 1082841 Set: 89
DEBUG: 577881 Set: 89
DEBUG: 577881 Set: 89
DEBUG: 299353 Set: 89
DEBUG: 1082841 Set: 89
DEBUG: 853465 Set: 89
DEBUG: 1082841 Set: 89
DEBUG: 853465 Set: 89
DEBUG: 1082841 Set: 89
DEBUG: 299353 Set: 89
DEBUG: 577881 Set: 89
DEBUG: 853465 Set: 89
DEBUG: 1082841 Set: 89
DEBUG: 853465 Set: 89
DEBUG: 1082841 Set: 89
DEBUG: 853465 Set: 89
DEBUG: 1082841 Set: 89
DEBUG: 577881 Set: 89
DEBUG: 577881 Set: 89
DEBUG: 299353 Set: 89
DEBUG: 1082841 Set: 89
DEBUG: 853465 Set: 89
DEBUG: 1082841 Set: 89
DEBUG: 853465 Set: 89
DEBUG: 1082841 Set: 89
DEBUG: 299353 Set: 89
DEBUG: 577881 Set: 89
DEBUG: 853465 Set: 89
DEBUG: 1082841 Set: 89
DEBUG: 853465 Set: 89
DEBUG: 1082841 Set: 89
DEBUG: 853465 Set: 89
DEBUG: 1082841 Set: 89
DEBUG: 577881 Set: 89
DEBUG: 577881 Set: 89
DEBUG: 299353 Set: 89
DEBUG: 1082841 Set: 89
DEBUG: 853465 Set: 89
DEBUG: 1082841 Set: 89
DEBUG: 853465 Set: 89
DEBUG: 1082841 Set: 89
DEBUG: 299353 Set: 89
DEBUG: 577881 Set: 89
DEBUG: 853465 Set: 89
DEBUG: 1082841 Set: 89
DEBUG: 853465 Set: 89
DEBUG: 1082841 Set: 89
DEBUG: 853465 Set: 89
DEBUG: 1082841 Set: 89
DEBUG: 577881 Set: 89
DEBUG: 577881 Set: 89
DEBUG: 299353 Set: 89
DEBUG: 1082841 Set: 89
DEBUG: 853465 Set: 89
DEBUG: 1082841 Set: 89
DEBUG: 853465 Set: 89
DEBUG: 1082841 Set: 89
DEBUG: 299353 Set: 89
DEBUG: 577881 Set: 89
DEBUG: 853465 Set: 89
DEBUG: 1082841 Set: 89
DEBUG: 853465 Set: 89
DEBUG: 1082841 Set: 89
DEBUG: 853465 Set: 89
DEBUG: 1082841 Set: 89
DEBUG: 577881 Set: 89
DEBUG: 577881 Set: 89
DEBUG: 299353 Set: 89
DEBUG: 1082841 Set: 89
DEBUG: 853465 Set: 89
DEBUG: 1082841 Set: 89
DEBUG: 853465 Set: 89
DEBUG: 1082841 Set: 89
DEBUG: 299353 Set: 89
DEBUG: 577881 Set: 89
DEBUG: 853465 Set: 89
DEBUG: 1082841 Set: 89
DEBUG: 853465 Set: 89
DEBUG: 1082841 Set: 89
DEBUG: 853465 Set: 89
DEBUG: 1082841 Set: 89
DEBUG: 577881 Set: 89
DEBUG: 577881 Set: 89
DEBUG: 299353 Set: 89
DEBUG: 1082841 Set: 89
DEBUG: 853465 Set: 89
DEBUG: 1082841 Set: 89
DEBUG: 853465 Set: 89
DEBUG: 1082841 Set: 89
DEBUG: 299353 Set: 89
DEBUG: 577881 Set: 89
DEBUG: 853465 Set: 89
DEBUG: 1082841 Set: 89
DEBUG: 853465 Set: 89
DEBUG: 1082841 Set: 89
DEBUG: 853465 Set: 89
DEBUG: 1082841 Set: 89
DEBUG: 577881 Set: 89
DEBUG: 577881 Set: 89
DEBUG: 299353 Set: 89
DEBUG: 1082841 Set: 89
DEBUG: 853465 Set: 89
DEBUG: 1082841 Set: 89
DEBUG: 853465 Set: 89
DEBUG: 1082841 Set: 89
